mode: set
github.com/vincent119/zlogger/config.go:18.30,29.2 1 1
github.com/vincent119/zlogger/config.go:37.47,38.18 1 1
github.com/vincent119/zlogger/config.go:38.18,40.3 1 1
github.com/vincent119/zlogger/config.go:42.2,42.23 1 1
github.com/vincent119/zlogger/config.go:42.23,44.3 1 1
github.com/vincent119/zlogger/config.go:45.2,45.24 1 1
github.com/vincent119/zlogger/config.go:45.24,47.3 1 1
github.com/vincent119/zlogger/config.go:48.2,48.28 1 1
github.com/vincent119/zlogger/config.go:48.28,50.3 1 1
github.com/vincent119/zlogger/config.go:51.2,51.25 1 1
github.com/vincent119/zlogger/config.go:51.25,53.3 1 1
github.com/vincent119/zlogger/config.go:54.2,54.26 1 1
github.com/vincent119/zlogger/config.go:54.26,56.3 1 1
github.com/vincent119/zlogger/config.go:58.2,63.10 5 1
github.com/vincent119/zlogger/context.go:13.72,14.16 1 1
github.com/vincent119/zlogger/context.go:14.16,16.3 1 1
github.com/vincent119/zlogger/context.go:18.2,18.22 1 1
github.com/vincent119/zlogger/context.go:18.22,20.3 1 1
github.com/vincent119/zlogger/context.go:23.2,26.30 2 1
github.com/vincent119/zlogger/context.go:26.30,28.3 1 1
github.com/vincent119/zlogger/context.go:31.2,35.60 4 1
github.com/vincent119/zlogger/context.go:39.47,40.16 1 1
github.com/vincent119/zlogger/context.go:40.16,42.3 1 1
github.com/vincent119/zlogger/context.go:44.2,44.52 1 1
github.com/vincent119/zlogger/context.go:44.52,45.38 1 1
github.com/vincent119/zlogger/context.go:45.38,47.4 1 1
github.com/vincent119/zlogger/context.go:49.2,49.12 1 1
github.com/vincent119/zlogger/context.go:53.69,54.25 1 1
github.com/vincent119/zlogger/context.go:54.25,56.3 1 1
github.com/vincent119/zlogger/context.go:58.2,59.39 2 1
github.com/vincent119/zlogger/context.go:63.68,64.25 1 1
github.com/vincent119/zlogger/context.go:64.25,66.3 1 1
github.com/vincent119/zlogger/context.go:68.2,69.38 2 1
github.com/vincent119/zlogger/context.go:73.68,74.25 1 1
github.com/vincent119/zlogger/context.go:74.25,76.3 1 1
github.com/vincent119/zlogger/context.go:78.2,79.38 2 1
github.com/vincent119/zlogger/context.go:83.69,84.25 1 1
github.com/vincent119/zlogger/context.go:84.25,86.3 1 1
github.com/vincent119/zlogger/context.go:88.2,89.39 2 1
github.com/vincent119/zlogger/context.go:93.69,94.25 1 0
github.com/vincent119/zlogger/context.go:94.25,96.3 1 0
github.com/vincent119/zlogger/context.go:98.2,99.39 2 0
github.com/vincent119/zlogger/context.go:103.75,104.21 1 1
github.com/vincent119/zlogger/context.go:104.21,106.3 1 1
github.com/vincent119/zlogger/context.go:107.2,107.58 1 1
github.com/vincent119/zlogger/context.go:111.74,112.19 1 1
github.com/vincent119/zlogger/context.go:112.19,114.3 1 1
github.com/vincent119/zlogger/context.go:115.2,115.49 1 1
github.com/vincent119/zlogger/context.go:119.71,120.19 1 1
github.com/vincent119/zlogger/context.go:120.19,122.3 1 1
github.com/vincent119/zlogger/context.go:123.2,123.54 1 1
github.com/vincent119/zlogger/context.go:127.75,128.21 1 1
github.com/vincent119/zlogger/context.go:128.21,130.3 1 1
github.com/vincent119/zlogger/context.go:131.2,131.57 1 1
github.com/vincent119/zlogger/context.go:135.75,136.21 1 1
github.com/vincent119/zlogger/context.go:136.21,138.3 1 1
github.com/vincent119/zlogger/context.go:139.2,139.57 1 1
github.com/vincent119/zlogger/context.go:143.70,144.16 1 1
github.com/vincent119/zlogger/context.go:144.16,146.3 1 1
github.com/vincent119/zlogger/context.go:148.2,149.25 2 1
github.com/vincent119/zlogger/context.go:149.25,151.3 1 1
github.com/vincent119/zlogger/context.go:153.2,156.18 4 1
github.com/vincent119/zlogger/core.go:33.71,34.24 1 1
github.com/vincent119/zlogger/core.go:34.24,35.69 1 1
github.com/vincent119/zlogger/core.go:35.69,37.4 1 1
github.com/vincent119/zlogger/core.go:39.2,39.54 1 1
github.com/vincent119/zlogger/core.go:43.102,44.31 1 1
github.com/vincent119/zlogger/core.go:44.31,46.3 1 1
github.com/vincent119/zlogger/core.go:47.2,47.11 1 0
github.com/vincent119/zlogger/core.go:51.84,54.24 2 1
github.com/vincent119/zlogger/core.go:54.24,55.69 1 1
github.com/vincent119/zlogger/core.go:55.69,57.4 1 1
github.com/vincent119/zlogger/core.go:60.2,60.34 1 1
github.com/vincent119/zlogger/core.go:64.24,65.17 1 0
github.com/vincent119/zlogger/core.go:65.17,67.3 1 0
github.com/vincent119/zlogger/core.go:71.30,81.31 5 1
github.com/vincent119/zlogger/core.go:81.31,83.3 1 1
github.com/vincent119/zlogger/core.go:83.8,85.3 1 1
github.com/vincent119/zlogger/core.go:87.2,107.46 3 1
github.com/vincent119/zlogger/core.go:107.46,108.34 1 1
github.com/vincent119/zlogger/core.go:109.18,111.35 2 1
github.com/vincent119/zlogger/core.go:113.15,115.19 2 1
github.com/vincent119/zlogger/core.go:115.19,117.5 1 1
github.com/vincent119/zlogger/core.go:122.2,122.23 1 1
github.com/vincent119/zlogger/core.go:122.23,126.3 3 0
github.com/vincent119/zlogger/core.go:129.2,135.84 3 1
github.com/vincent119/zlogger/core.go:135.84,137.3 1 1
github.com/vincent119/zlogger/core.go:139.2,141.28 2 1
github.com/vincent119/zlogger/core.go:141.28,145.3 2 1
github.com/vincent119/zlogger/core.go:147.2,147.32 1 1
github.com/vincent119/zlogger/core.go:147.32,149.3 1 1
github.com/vincent119/zlogger/core.go:151.2,151.30 1 1
github.com/vincent119/zlogger/core.go:151.30,153.3 1 1
github.com/vincent119/zlogger/core.go:155.2,155.22 1 1
github.com/vincent119/zlogger/core.go:155.22,157.3 1 1
github.com/vincent119/zlogger/core.go:160.2,169.3 2 1
github.com/vincent119/zlogger/core.go:173.73,175.52 2 1
github.com/vincent119/zlogger/core.go:175.52,177.87 2 1
github.com/vincent119/zlogger/core.go:177.87,179.4 1 1
github.com/vincent119/zlogger/core.go:180.3,180.54 1 1
github.com/vincent119/zlogger/core.go:181.8,183.3 1 1
github.com/vincent119/zlogger/core.go:184.2,185.64 2 1
github.com/vincent119/zlogger/core.go:189.70,191.52 2 1
github.com/vincent119/zlogger/core.go:191.52,193.87 2 1
github.com/vincent119/zlogger/core.go:193.87,195.4 1 1
github.com/vincent119/zlogger/core.go:196.3,196.54 1 1
github.com/vincent119/zlogger/core.go:197.8,199.3 1 1
github.com/vincent119/zlogger/core.go:202.2,203.18 2 1
github.com/vincent119/zlogger/core.go:203.18,205.3 1 1
github.com/vincent119/zlogger/core.go:206.2,206.50 1 1
github.com/vincent119/zlogger/core.go:206.50,207.52 1 0
github.com/vincent119/zlogger/core.go:211.2,212.33 2 1
github.com/vincent119/zlogger/core.go:212.33,214.3 1 1
github.com/vincent119/zlogger/core.go:214.8,217.3 2 1
github.com/vincent119/zlogger/core.go:220.2,226.16 3 1
github.com/vincent119/zlogger/core.go:226.16,227.52 1 0
github.com/vincent119/zlogger/core.go:230.2,231.61 2 1
github.com/vincent119/zlogger/core.go:235.45,236.32 1 1
github.com/vincent119/zlogger/core.go:237.15,238.24 1 1
github.com/vincent119/zlogger/core.go:239.14,240.23 1 1
github.com/vincent119/zlogger/core.go:241.14,242.23 1 1
github.com/vincent119/zlogger/core.go:243.15,244.24 1 1
github.com/vincent119/zlogger/core.go:245.15,246.24 1 1
github.com/vincent119/zlogger/core.go:247.10,248.23 1 1
github.com/vincent119/zlogger/core.go:253.41,254.25 1 1
github.com/vincent119/zlogger/core.go:254.25,256.3 1 1
github.com/vincent119/zlogger/core.go:260.40,261.25 1 1
github.com/vincent119/zlogger/core.go:261.25,263.3 1 1
github.com/vincent119/zlogger/core.go:267.40,268.25 1 1
github.com/vincent119/zlogger/core.go:268.25,270.3 1 1
github.com/vincent119/zlogger/core.go:274.41,275.25 1 1
github.com/vincent119/zlogger/core.go:275.25,277.3 1 1
github.com/vincent119/zlogger/core.go:281.41,282.25 1 0
github.com/vincent119/zlogger/core.go:282.25,284.3 1 0
github.com/vincent119/zlogger/core.go:288.29,291.2 2 1
github.com/vincent119/zlogger/core.go:294.30,296.2 1 1
github.com/vincent119/zlogger/core.go:299.19,300.25 1 1
github.com/vincent119/zlogger/core.go:300.25,302.3 1 1
github.com/vincent119/zlogger/core.go:303.2,303.12 1 1
github.com/vincent119/zlogger/core.go:307.42,312.2 4 1
github.com/vincent119/zlogger/encoder.go:9.72,11.2 1 1
github.com/vincent119/zlogger/encoder.go:14.55,15.67 1 1
github.com/vincent119/zlogger/encoder.go:15.67,17.3 1 0
github.com/vincent119/zlogger/fields.go:12.38,14.2 1 1
github.com/vincent119/zlogger/fields.go:17.48,19.2 1 1
github.com/vincent119/zlogger/fields.go:22.39,24.2 1 1
github.com/vincent119/zlogger/fields.go:27.41,29.2 1 1
github.com/vincent119/zlogger/fields.go:32.43,34.2 1 1
github.com/vincent119/zlogger/fields.go:37.43,39.2 1 1
github.com/vincent119/zlogger/fields.go:42.43,44.2 1 1
github.com/vincent119/zlogger/fields.go:47.41,49.2 1 1
github.com/vincent119/zlogger/fields.go:52.43,54.2 1 1
github.com/vincent119/zlogger/fields.go:57.45,59.2 1 1
github.com/vincent119/zlogger/fields.go:62.45,64.2 1 1
github.com/vincent119/zlogger/fields.go:67.45,69.2 1 1
github.com/vincent119/zlogger/fields.go:72.47,74.2 1 1
github.com/vincent119/zlogger/fields.go:77.47,79.2 1 1
github.com/vincent119/zlogger/fields.go:82.41,84.2 1 1
github.com/vincent119/zlogger/fields.go:87.27,89.2 1 1
github.com/vincent119/zlogger/fields.go:92.46,94.2 1 1
github.com/vincent119/zlogger/fields.go:97.47,99.2 1 1
github.com/vincent119/zlogger/fields.go:102.54,104.2 1 1
github.com/vincent119/zlogger/fields.go:107.46,109.2 1 1
github.com/vincent119/zlogger/fields.go:112.45,114.2 1 1
github.com/vincent119/zlogger/fields.go:117.49,119.2 1 1
github.com/vincent119/zlogger/fields.go:122.69,124.2 1 1
github.com/vincent119/zlogger/fields.go:127.51,129.2 1 1
github.com/vincent119/zlogger/fields.go:132.30,134.2 1 1
github.com/vincent119/zlogger/fields.go:137.44,139.2 1 1
github.com/vincent119/zlogger/split_output.go:60.73,61.53 1 1
github.com/vincent119/zlogger/split_output.go:61.53,63.3 1 1
github.com/vincent119/zlogger/split_output.go:65.2,70.39 2 1
github.com/vincent119/zlogger/split_output.go:70.39,72.3 1 0
github.com/vincent119/zlogger/split_output.go:75.2,77.16 2 1
github.com/vincent119/zlogger/split_output.go:81.41,95.16 6 1
github.com/vincent119/zlogger/split_output.go:95.16,97.3 1 0
github.com/vincent119/zlogger/split_output.go:98.2,106.16 3 1
github.com/vincent119/zlogger/split_output.go:106.16,109.3 2 0
github.com/vincent119/zlogger/split_output.go:110.2,118.16 3 1
github.com/vincent119/zlogger/split_output.go:118.16,122.3 3 0
github.com/vincent119/zlogger/split_output.go:123.2,125.12 2 1
github.com/vincent119/zlogger/split_output.go:129.36,130.62 1 1
github.com/vincent119/zlogger/split_output.go:130.62,132.3 1 1
github.com/vincent119/zlogger/split_output.go:133.2,133.62 1 1
github.com/vincent119/zlogger/split_output.go:133.62,135.3 1 1
github.com/vincent119/zlogger/split_output.go:136.2,136.63 1 1
github.com/vincent119/zlogger/split_output.go:136.63,138.3 1 1
github.com/vincent119/zlogger/split_output.go:142.37,143.6 1 1
github.com/vincent119/zlogger/split_output.go:143.6,151.39 6 1
github.com/vincent119/zlogger/split_output.go:151.39,153.4 1 0
github.com/vincent119/zlogger/split_output.go:158.77,162.13 3 1
github.com/vincent119/zlogger/split_output.go:163.25,164.28 1 1
github.com/vincent119/zlogger/split_output.go:165.25,166.28 1 1
github.com/vincent119/zlogger/split_output.go:167.87,168.29 1 1
github.com/vincent119/zlogger/split_output.go:169.10,170.28 1 1
github.com/vincent119/zlogger/split_output.go:175.37,180.2 4 1
github.com/vincent119/zlogger/split_output.go:188.65,190.2 1 1
github.com/vincent119/zlogger/split_output.go:192.43,194.2 1 1
github.com/vincent119/zlogger/split_output.go:209.116,211.16 2 1
github.com/vincent119/zlogger/split_output.go:211.16,213.3 1 1
github.com/vincent119/zlogger/split_output.go:215.2,223.65 5 1
github.com/vincent119/zlogger/split_output.go:223.65,225.3 1 0
github.com/vincent119/zlogger/split_output.go:226.2,226.65 1 1
github.com/vincent119/zlogger/split_output.go:226.65,228.3 1 0
github.com/vincent119/zlogger/split_output.go:229.2,229.66 1 1
github.com/vincent119/zlogger/split_output.go:229.66,231.3 1 0
github.com/vincent119/zlogger/split_output.go:234.2,241.22 5 1
github.com/vincent119/zlogger/split_output.go:241.22,241.42 1 1
github.com/vincent119/zlogger/zlogger.go:37.29,38.25 1 1
github.com/vincent119/zlogger/zlogger.go:38.25,40.3 1 1
github.com/vincent119/zlogger/zlogger.go:41.2,41.12 1 1
github.com/vincent119/zlogger/zlogger.go:45.33,46.25 1 1
github.com/vincent119/zlogger/zlogger.go:46.25,48.3 1 1
github.com/vincent119/zlogger/zlogger.go:49.2,49.12 1 1
github.com/vincent119/zlogger/zlogger.go:53.36,54.25 1 1
github.com/vincent119/zlogger/zlogger.go:54.25,56.3 1 1
github.com/vincent119/zlogger/zlogger.go:57.2,57.12 1 1
github.com/vincent119/zlogger/zlogger.go:61.46,62.25 1 1
github.com/vincent119/zlogger/zlogger.go:62.25,64.3 1 1
github.com/vincent119/zlogger/zlogger.go:65.2,65.12 1 1
github.com/vincent119/zlogger/zlogger.go:69.23,71.2 1 1
github.com/vincent119/zlogger/zlogger.go:74.40,76.2 1 1
github.com/vincent119/zlogger/zlogger.go:79.39,81.2 1 1
